<?xml version="1.0" encoding="UTF-8"?>
<!-- Generated by org.testng.reporters.JUnitXMLReporter -->
<testsuite ignored="1" hostname="IN-PPM109253" failures="0" tests="1" name="  Test" time="6.149" errors="0" timestamp="2025-06-10T10:56:27 IST">
  <testcase classname="testCases.TC002_LoginTest" name="verify_login" time="1.097"/>
  <testcase classname="testCases.TC001_AccountRegistrationTest" name="verify_registration" time="0.0">
    <ignored/>
  </testcase> <!-- verify_registration -->
</testsuite> <!--   Test -->
