<?xml version="1.0" encoding="UTF-8"?>
<testng-results ignored="0" total="1" passed="1" failed="0" skipped="0">
  <reporter-output>
  </reporter-output>
  <suite started-at="2025-06-10T19:37:28 IST" name="Suite" finished-at="2025-06-10T19:37:36 IST" duration-ms="7872">
    <groups>
      <group name="Master">
        <method signature="TC002_LoginTest.verify_login()[pri:0, instance:testCases.TC002_LoginTest@67d18ed7]" name="verify_login" class="testCases.TC002_LoginTest"/>
      </group> <!-- Master -->
      <group name="Sanity">
        <method signature="TC002_LoginTest.verify_login()[pri:0, instance:testCases.TC002_LoginTest@67d18ed7]" name="verify_login" class="testCases.TC002_LoginTest"/>
      </group> <!-- Sanity -->
    </groups>
    <test started-at="2025-06-10T19:37:28 IST" name=" chrome Test" finished-at="2025-06-10T19:37:36 IST" duration-ms="7872">
      <class name="testCases.TC002_LoginTest">
        <test-method is-config="true" signature="setup(java.lang.String,java.lang.String)[pri:0, instance:testCases.TC002_LoginTest@67d18ed7]" started-at="2025-06-10T19:37:28 IST" name="setup" finished-at="2025-06-10T19:37:34 IST" duration-ms="5845" status="PASS">
          <params>
            <param index="0">
              <value>
                <![CDATA[windows]]>
              </value>
            </param>
            <param index="1">
              <value>
                <![CDATA[chrome]]>
              </value>
            </param>
          </params>
          <reporter-output>
          </reporter-output>
        </test-method> <!-- setup -->
        <test-method signature="verify_login()[pri:0, instance:testCases.TC002_LoginTest@67d18ed7]" started-at="2025-06-10T19:37:34 IST" name="verify_login" finished-at="2025-06-10T19:37:35 IST" duration-ms="1726" status="PASS">
          <reporter-output>
          </reporter-output>
        </test-method> <!-- verify_login -->
        <test-method is-config="true" signature="close()[pri:0, instance:testCases.TC002_LoginTest@67d18ed7]" started-at="2025-06-10T19:37:35 IST" name="close" finished-at="2025-06-10T19:37:36 IST" duration-ms="259" status="PASS">
          <reporter-output>
          </reporter-output>
        </test-method> <!-- close -->
      </class> <!-- testCases.TC002_LoginTest -->
    </test> <!--  chrome Test -->
  </suite> <!-- Suite -->
</testng-results>
