<?xml version="1.0" encoding="UTF-8"?>
<testng-results ignored="1" total="2" passed="1" failed="0" skipped="0">
  <reporter-output>
  </reporter-output>
  <suite started-at="2025-06-10T10:56:21 IST" name="Suite" finished-at="2025-06-10T10:56:27 IST" duration-ms="6149">
    <groups>
      <group name="Master">
        <method signature="TC002_LoginTest.verify_login()[pri:0, instance:testCases.TC002_LoginTest@16ce702d]" name="verify_login" class="testCases.TC002_LoginTest"/>
      </group> <!-- Master -->
      <group name="Sanity">
        <method signature="TC002_LoginTest.verify_login()[pri:0, instance:testCases.TC002_LoginTest@16ce702d]" name="verify_login" class="testCases.TC002_LoginTest"/>
      </group> <!-- Sanity -->
    </groups>
    <test started-at="2025-06-10T10:56:21 IST" name="  Test" finished-at="2025-06-10T10:56:27 IST" duration-ms="6149">
      <class name="testCases.TC002_LoginTest">
        <test-method is-config="true" signature="setup(java.lang.String,java.lang.String)[pri:0, instance:testCases.TC002_LoginTest@16ce702d]" started-at="2025-06-10T10:56:21 IST" name="setup" finished-at="2025-06-10T10:56:26 IST" duration-ms="4850" status="PASS">
          <params>
            <param index="0">
              <value>
                <![CDATA[windows]]>
              </value>
            </param>
            <param index="1">
              <value>
                <![CDATA[chrome]]>
              </value>
            </param>
          </params>
          <reporter-output>
          </reporter-output>
        </test-method> <!-- setup -->
        <test-method signature="verify_login()[pri:0, instance:testCases.TC002_LoginTest@16ce702d]" started-at="2025-06-10T10:56:26 IST" name="verify_login" finished-at="2025-06-10T10:56:27 IST" duration-ms="1097" status="PASS">
          <reporter-output>
          </reporter-output>
        </test-method> <!-- verify_login -->
        <test-method is-config="true" signature="close()[pri:0, instance:testCases.TC002_LoginTest@16ce702d]" started-at="2025-06-10T10:56:27 IST" name="close" finished-at="2025-06-10T10:56:27 IST" duration-ms="176" status="PASS">
          <reporter-output>
          </reporter-output>
        </test-method> <!-- close -->
      </class> <!-- testCases.TC002_LoginTest -->
    </test> <!--   Test -->
  </suite> <!-- Suite -->
</testng-results>
