<?xml version="1.0" encoding="UTF-8"?>
<testng-results ignored="0" total="1" passed="1" failed="0" skipped="0">
  <reporter-output>
  </reporter-output>
  <suite started-at="2025-06-19T21:21:13 IST" name="Suite" finished-at="2025-06-19T21:21:18 IST" duration-ms="4946">
    <groups>
    </groups>
    <test started-at="2025-06-19T21:21:13 IST" name=" chrome Test003" finished-at="2025-06-19T21:21:18 IST" duration-ms="4946">
      <class name="testCases.TC003_AddToCart">
        <test-method is-config="true" signature="setup()[pri:0, instance:testCases.TC003_AddToCart@7d1cfb8b]" started-at="2025-06-19T21:21:13 IST" name="setup" finished-at="2025-06-19T21:21:17 IST" duration-ms="3823" status="PASS">
          <reporter-output>
          </reporter-output>
        </test-method> <!-- setup -->
        <test-method signature="AddCart()[pri:0, instance:testCases.TC003_AddToCart@7d1cfb8b]" started-at="2025-06-19T21:21:17 IST" name="AddCart" finished-at="2025-06-19T21:21:17 IST" duration-ms="835" status="PASS">
          <reporter-output>
          </reporter-output>
        </test-method> <!-- AddCart -->
        <test-method is-config="true" signature="close()[pri:0, instance:testCases.TC003_AddToCart@7d1cfb8b]" started-at="2025-06-19T21:21:17 IST" name="close" finished-at="2025-06-19T21:21:18 IST" duration-ms="249" status="PASS">
          <reporter-output>
          </reporter-output>
        </test-method> <!-- close -->
      </class> <!-- testCases.TC003_AddToCart -->
    </test> <!--  chrome Test003 -->
  </suite> <!-- Suite -->
</testng-results>
